###
### Using 'msvc' toolset.
###

K:\KL_A\Boost\boost_1_51_0\tools\build\v2\engine>if exist bootstrap rd /S /Q bootstrap 

K:\KL_A\Boost\boost_1_51_0\tools\build\v2\engine>md bootstrap 

K:\KL_A\Boost\boost_1_51_0\tools\build\v2\engine>cl /nologo /GZ /Zi /MLd /Fobootstrap/ /Fdbootstrap/ -DNT -DYYDEBUG kernel32.lib advapi32.lib user32.lib /Febootstrap\jam0  command.c compile.c constants.c debug.c execnt.c filent.c function.c glob.c hash.c hdrmacro.c headers.c jam.c jambase.c jamgram.c lists.c make.c make1.c object.c option.c output.c parse.c pathunix.c regexp.c rules.c scan.c search.c subst.c timestamp.c variable.c modules.c strings.c filesys.c builtins.c md5.c pwd.c class.c w32_getreg.c native.c modules/set.c modules/path.c modules/regex.c modules/property-set.c modules/sequence.c modules/order.c 
command.c
compile.c
constants.c
debug.c
execnt.c
filent.c
function.c
glob.c
hash.c
hdrmacro.c
headers.c
jam.c
jambase.c
jamgram.c
lists.c
make.c
make1.c
object.c
option.c
output.c
Generating Code...
Compiling...
parse.c
pathunix.c
regexp.c
rules.c
scan.c
search.c
subst.c
timestamp.c
variable.c
modules.c
strings.c
filesys.c
builtins.c
md5.c
pwd.c
class.c
w32_getreg.c
native.c
set.c
path.c
Generating Code...
Compiling...
regex.c
property-set.c
sequence.c
order.c
Generating Code...

K:\KL_A\Boost\boost_1_51_0\tools\build\v2\engine>.\bootstrap\jam0 -f build.jam --toolset=msvc "--toolset-root= "  clean 
...found 1 target...
...updating 1 target...
...updated 1 target...

K:\KL_A\Boost\boost_1_51_0\tools\build\v2\engine>.\bootstrap\jam0 -f build.jam --toolset=msvc "--toolset-root= "  
...found 50 targets...
...updating 3 targets...
[MKDIR] bin.ntx86_64
[COMPILE] bin.ntx86_64\b2.exe
cl : Command line warning D9002 : ignoring unknown option '/ML'
cl : Command line warning D9002 : ignoring unknown option '/GB'
command.c
compile.c
constants.c
debug.c
function.c
glob.c
hash.c
hcache.c
headers.c
hdrmacro.c
jam.c
jambase.c
jamgram.c
lists.c
make.c
make1.c
mem.c
object.c
option.c
output.c
Generating Code...
Compiling...
parse.c
regexp.c
rules.c
scan.c
search.c
subst.c
w32_getreg.c
timestamp.c
variable.c
modules.c
strings.c
filesys.c
builtins.c
pwd.c
class.c
native.c
md5.c
set.c
path.c
regex.c
Generating Code...
Compiling...
property-set.c
sequence.c
order.c
execnt.c
filent.c
pathunix.c
Generating Code...
[COPY] bin.ntx86_64\bjam.exe
...updated 3 targets...
